app/build/intermediates/manifest_merge_blame_file/debug/manifest-merger-blame-debug-report.txt
1<?xml version="1.0" encoding="utf-8"?>
2<manifest xmlns:android="http://schemas.android.com/apk/res/android"
3    package="com.yulius.travel"
4    android:versionCode="1"
5    android:versionName="1.0" >
6
7    <uses-sdk
8        android:minSdkVersion="21"
8-->src\main\AndroidManifest.xml
9        android:targetSdkVersion="29" />
9-->src\main\AndroidManifest.xml
10
11    <application
11-->src\main\AndroidManifest.xml:6:5-42:19
12        android:allowBackup="true"
12-->src\main\AndroidManifest.xml:7:9-35
13        android:appComponentFactory="androidx.core.app.CoreComponentFactory"
13-->[androidx.core:core:1.1.0] AndroidManifest.xml:24:18-86
14        android:debuggable="true"
15        android:icon="@mipmap/ic_launcher"
15-->src\main\AndroidManifest.xml:8:9-43
16        android:label="@string/app_name"
16-->src\main\AndroidManifest.xml:9:9-41
17        android:roundIcon="@mipmap/ic_launcher_round"
17-->src\main\AndroidManifest.xml:10:9-54
18        android:supportsRtl="true"
18-->src\main\AndroidManifest.xml:11:9-35
19        android:testOnly="true"
20        android:theme="@style/AppTheme" >
20-->src\main\AndroidManifest.xml:12:9-40
21        <activity
21-->src\main\AndroidManifest.xml:14:9-22:20
22            android:name="com.yulius.travel.activity.MainActivity"
22-->src\main\AndroidManifest.xml:15:13-67
23            android:screenOrientation="portrait" >
23-->src\main\AndroidManifest.xml:16:13-49
24            <intent-filter>
24-->src\main\AndroidManifest.xml:17:13-21:29
25                <action android:name="android.intent.action.MAIN" />
25-->src\main\AndroidManifest.xml:18:17-69
25-->src\main\AndroidManifest.xml:18:25-66
26
27                <category android:name="android.intent.category.LAUNCHER" />
27-->src\main\AndroidManifest.xml:20:17-77
27-->src\main\AndroidManifest.xml:20:27-74
28            </intent-filter>
29        </activity>
30        <activity
30-->src\main\AndroidManifest.xml:23:9-27:55
31            android:name="com.yulius.travel.activity.LoginActivity"
31-->src\main\AndroidManifest.xml:24:13-68
32            android:configChanges="keyboardHidden|orientation|screenSize"
32-->src\main\AndroidManifest.xml:25:13-74
33            android:screenOrientation="portrait"
33-->src\main\AndroidManifest.xml:26:13-49
34            android:windowSoftInputMode="adjustPan" />
34-->src\main\AndroidManifest.xml:27:13-52
35        <activity
35-->src\main\AndroidManifest.xml:28:9-32:55
36            android:name="com.yulius.travel.activity.RegisterActivity"
36-->src\main\AndroidManifest.xml:29:13-71
37            android:configChanges="keyboardHidden|orientation|screenSize"
37-->src\main\AndroidManifest.xml:30:13-74
38            android:screenOrientation="portrait"
38-->src\main\AndroidManifest.xml:31:13-49
39            android:windowSoftInputMode="adjustPan" />
39-->src\main\AndroidManifest.xml:32:13-52
40        <activity
40-->src\main\AndroidManifest.xml:33:9-35:52
41            android:name="com.yulius.travel.activity.ProfileActivity"
41-->src\main\AndroidManifest.xml:34:13-70
42            android:screenOrientation="portrait" />
42-->src\main\AndroidManifest.xml:35:13-49
43        <activity
43-->src\main\AndroidManifest.xml:36:9-38:52
44            android:name="com.yulius.travel.activity.HistoryActivity"
44-->src\main\AndroidManifest.xml:37:13-70
45            android:screenOrientation="portrait" />
45-->src\main\AndroidManifest.xml:38:13-49
46        <activity
46-->src\main\AndroidManifest.xml:39:9-41:52
47            android:name="com.yulius.travel.activity.BookKeretaActivity"
47-->src\main\AndroidManifest.xml:40:13-73
48            android:screenOrientation="portrait" />
48-->src\main\AndroidManifest.xml:41:13-49
49    </application>
50
51</manifest>